d:\jinhai\imageprocessing\stereo_flow\opencv_app\debug\stereoflow.obj
d:\jinhai\imageprocessing\stereo_flow\opencv_app\debug\utils.obj
d:\jinhai\imageprocessing\stereo_flow\opencv_app\debug\vc110.pdb
d:\jinhai\imageprocessing\stereo_flow - copy\opencv_app\debug\stereoflow.obj
d:\jinhai\imageprocessing\stereo_flow - copy\opencv_app\debug\utils.obj
d:\jinhai\imageprocessing\stereo_flow - copy\opencv_app\debug\vc110.pdb
d:\jinhai\imageprocessing\stereo_flow\debug\opencv_sflow.ilk
d:\jinhai\imageprocessing\stereo_flow\debug\opencv_sflow.exe
d:\jinhai\imageprocessing\stereo_flow\debug\opencv_sflow.pdb
d:\jinhai\imageprocessing\stereo_flow - copy\debug\opencv_sflow.ilk
d:\jinhai\imageprocessing\stereo_flow - copy\debug\opencv_sflow.exe
d:\jinhai\imageprocessing\stereo_flow - copy\debug\opencv_sflow.pdb
d:\jinhai\imageprocessing\stereo_sgbm\opencv_app\debug\stereoflow.obj
d:\jinhai\imageprocessing\stereo_sgbm\opencv_app\debug\utils.obj
d:\jinhai\imageprocessing\stereo_sgbm\opencv_app\debug\cl.command.1.tlog
d:\jinhai\imageprocessing\stereo_sgbm\opencv_app\debug\cl.read.1.tlog
d:\jinhai\imageprocessing\stereo_sgbm\opencv_app\debug\cl.write.1.tlog
d:\jinhai\imageprocessing\stereo_sgbm\opencv_app\debug\link-cvtres.read.1.tlog
d:\jinhai\imageprocessing\stereo_sgbm\opencv_app\debug\link-cvtres.write.1.tlog
d:\jinhai\imageprocessing\stereo_sgbm\opencv_app\debug\link-rc.read.1.tlog
d:\jinhai\imageprocessing\stereo_sgbm\opencv_app\debug\link-rc.write.1.tlog
d:\jinhai\imageprocessing\stereo_sgbm\opencv_app\debug\link.3112-cvtres.read.1.tlog
d:\jinhai\imageprocessing\stereo_sgbm\opencv_app\debug\link.3112-cvtres.write.1.tlog
d:\jinhai\imageprocessing\stereo_sgbm\opencv_app\debug\link.3112-rc.read.1.tlog
d:\jinhai\imageprocessing\stereo_sgbm\opencv_app\debug\link.3112-rc.write.1.tlog
d:\jinhai\imageprocessing\stereo_sgbm\opencv_app\debug\link.3112.read.1.tlog
d:\jinhai\imageprocessing\stereo_sgbm\opencv_app\debug\link.3112.write.1.tlog
d:\jinhai\imageprocessing\stereo_sgbm\opencv_app\debug\link.4392-cvtres.read.1.tlog
d:\jinhai\imageprocessing\stereo_sgbm\opencv_app\debug\link.4392-cvtres.write.1.tlog
d:\jinhai\imageprocessing\stereo_sgbm\opencv_app\debug\link.4392-rc.read.1.tlog
d:\jinhai\imageprocessing\stereo_sgbm\opencv_app\debug\link.4392-rc.write.1.tlog
d:\jinhai\imageprocessing\stereo_sgbm\opencv_app\debug\link.4392.read.1.tlog
d:\jinhai\imageprocessing\stereo_sgbm\opencv_app\debug\link.4392.write.1.tlog
d:\jinhai\imageprocessing\stereo_sgbm\opencv_app\debug\link.7656-cvtres.read.1.tlog
d:\jinhai\imageprocessing\stereo_sgbm\opencv_app\debug\link.7656-cvtres.write.1.tlog
d:\jinhai\imageprocessing\stereo_sgbm\opencv_app\debug\link.7656-rc.read.1.tlog
d:\jinhai\imageprocessing\stereo_sgbm\opencv_app\debug\link.7656-rc.write.1.tlog
d:\jinhai\imageprocessing\stereo_sgbm\opencv_app\debug\link.7656.read.1.tlog
d:\jinhai\imageprocessing\stereo_sgbm\opencv_app\debug\link.7656.write.1.tlog
d:\jinhai\imageprocessing\stereo_sgbm\opencv_app\debug\link.command.1.tlog
d:\jinhai\imageprocessing\stereo_sgbm\opencv_app\debug\link.read.1.tlog
d:\jinhai\imageprocessing\stereo_sgbm\opencv_app\debug\link.write.1.tlog
d:\jinhai\imageprocessing\stereo_sgbm\opencv_app\debug\vc110.idb
d:\jinhai\imageprocessing\stereo_sgbm\opencv_app\debug\vc110.pdb
d:\jinhai\imageprocessing\stereo_sgbm\debug\opencv_sflow.pdb
d:\jinhai\imageprocessing\stereo_sgbm\debug\opencv_sflow.exe
d:\jinhai\imageprocessing\stereo_sgbm\debug\opencv_sflow.ilk
