d:\jinhai\imageprocessing\stereo_sgbm_mallala - copy\opencv_app\release\vc140.pdb
d:\jinhai\imageprocessing\stereo_sgbm_mallala - copy\opencv_app\release\utils.obj
d:\jinhai\imageprocessing\stereo_sgbm_mallala - copy\opencv_app\release\stereoflow.obj
d:\jinhai\imageprocessing\stereo_sgbm_mallala\opencv_app\release\vc140.pdb
d:\jinhai\imageprocessing\stereo_sgbm_mallala\opencv_app\release\utils.obj
d:\jinhai\imageprocessing\stereo_sgbm_mallala\opencv_app\release\stereoflow.obj
d:\jinhai\imageprocessing\stereo_sgbm_mallala - copy\release\opencv_sflow.exe
d:\jinhai\imageprocessing\stereo_sgbm_mallala - copy\release\opencv_sflow.ipdb
d:\jinhai\imageprocessing\stereo_sgbm_mallala - copy\release\opencv_sflow.iobj
d:\jinhai\imageprocessing\stereo_sgbm_mallala - copy\release\opencv_sflow.pdb
d:\jinhai\imageprocessing\stereo_sgbm_mallala\release\opencv_sflow.exe
d:\jinhai\imageprocessing\stereo_sgbm_mallala\release\opencv_sflow.ipdb
d:\jinhai\imageprocessing\stereo_sgbm_mallala\release\opencv_sflow.iobj
d:\jinhai\imageprocessing\stereo_sgbm_mallala\release\opencv_sflow.pdb
c:\users\hasanmm\documents\stereo_sgbm_mallala\opencv_app\release\stereoflow.obj
c:\users\hasanmm\documents\stereo_sgbm_mallala\opencv_app\release\utils.obj
c:\users\hasanmm\documents\stereo_sgbm_mallala\opencv_app\release\vc140.pdb
c:\users\hasanmm\documents\stereo_sgbm_mallala\opencv_app\release\vc141.pdb
c:\users\hasanmm\documents\stereo_sgbm_mallala\release\opencv_sflow.pdb
c:\users\hasanmm\documents\stereo_sgbm_mallala\release\opencv_sflow.exe
c:\users\hasanmm\documents\stereo_sgbm_mallala\opencv_app\release\opencv_sflow.tlog\cl.command.1.tlog
c:\users\hasanmm\documents\stereo_sgbm_mallala\opencv_app\release\opencv_sflow.tlog\cl.read.1.tlog
c:\users\hasanmm\documents\stereo_sgbm_mallala\opencv_app\release\opencv_sflow.tlog\cl.write.1.tlog
c:\users\hasanmm\documents\stereo_sgbm_mallala\opencv_app\release\opencv_sflow.tlog\link.command.1.tlog
c:\users\hasanmm\documents\stereo_sgbm_mallala\opencv_app\release\opencv_sflow.tlog\link.read.1.tlog
c:\users\hasanmm\documents\stereo_sgbm_mallala\opencv_app\release\opencv_sflow.tlog\link.write.1.tlog
